presentation/build/intermediates/manifest_merge_blame_file/debug/processDebugManifest/manifest-merger-blame-debug-report.txt
1<?xml version="1.0" encoding="utf-8"?>
2<manifest xmlns:android="http://schemas.android.com/apk/res/android"
3    package="com.example.presentation" >
4
5    <uses-sdk android:minSdkVersion="35" />
6
7    <application
7-->src\main\AndroidManifest.xml:4:5-17:19
8        android:icon="@mipmap/ic_launcher"
8-->src\main\AndroidManifest.xml:5:9-43
9        android:label="@string/app_name" >
9-->src\main\AndroidManifest.xml:6:9-41
10        <activity
10-->src\main\AndroidManifest.xml:7:9-16:20
11            android:name="com.example.presentation.activity.MainActivity"
11-->src\main\AndroidManifest.xml:8:13-50
12            android:exported="true"
12-->src\main\AndroidManifest.xml:9:13-36
13            android:label="@string/title_activity_main"
13-->src\main\AndroidManifest.xml:10:13-56
14            android:theme="@style/Theme.myWorld.Splash" >
14-->src\main\AndroidManifest.xml:11:13-56
15            <intent-filter>
15-->src\main\AndroidManifest.xml:12:13-15:29
16                <action android:name="android.intent.action.MAIN" />
16-->src\main\AndroidManifest.xml:13:17-69
16-->src\main\AndroidManifest.xml:13:25-66
17
18                <category android:name="android.intent.category.LAUNCHER" />
18-->src\main\AndroidManifest.xml:14:17-77
18-->src\main\AndroidManifest.xml:14:27-74
19            </intent-filter>
20        </activity>
21    </application>
22
23</manifest>